<?xml version="1.0" encoding="UTF-8"?>
<!-- Generated by org.testng.reporters.JUnitReportReporter -->
<testsuite hostname="WKS-CST-19" name="ru.greg3d.Lesson3TestAdd" tests="3" failures="0" timestamp="9 Mar 2016 15:21:11 GMT" time="33.287" errors="0">
  <testcase name="addValidRecord" time="21.494" classname="ru.greg3d.Lesson3TestAdd"/>
  <testcase name="addNotAllNecessaryFieldsRecord" time="5.785" classname="ru.greg3d.Lesson3TestAdd"/>
  <testcase name="addNotAllNecessaryFieldsRecord" time="6.008" classname="ru.greg3d.Lesson3TestAdd"/>
</testsuite> <!-- ru.greg3d.Lesson3TestAdd -->
